timestamp: 2023-04-17T18:34:22.555621
CREATE TABLE "auth_user"(
    "id" INTEGER PRIMARY KEY AUTOINCREMENT,
    "username" CHAR(512) UNIQUE,
    "email" CHAR(512) UNIQUE,
    "password" CHAR(512),
    "first_name" CHAR(512),
    "last_name" CHAR(512),
    "sso_id" CHAR(512),
    "action_token" CHAR(512),
    "last_password_change" TIMESTAMP,
    "past_passwords_hash" TEXT
);
success!
timestamp: 2023-04-17T18:34:22.557011
CREATE TABLE "auth_user_tag_groups"(
    "id" INTEGER PRIMARY KEY AUTOINCREMENT,
    "tagpath" CHAR(512),
    "record_id" INTEGER REFERENCES "auth_user" ("id") ON DELETE CASCADE ON UPDATE CASCADE  
);
success!
timestamp: 2023-04-20T00:02:13.195123
CREATE TABLE "bird"(
    "id" INTEGER PRIMARY KEY AUTOINCREMENT,
    "name" CHAR(512),
    "weight" DOUBLE,
    "diet" CHAR(512),
    "habitat" CHAR(512)
);
success!
timestamp: 2023-04-20T12:13:28.280102
ALTER TABLE "bird" ADD "n_sightings" INTEGER;
success!
timestamp: 2023-04-20T12:18:28.233319
ALTER TABLE "bird" ADD "bird_name" CHAR(512);
timestamp: 2023-04-20T12:18:28.235160
ALTER TABLE "bird" ADD "bird_weight" DOUBLE;
timestamp: 2023-04-20T12:18:28.235899
ALTER TABLE "bird" ADD "bird_diet" CHAR(512);
timestamp: 2023-04-20T12:18:28.236605
ALTER TABLE "bird" ADD "bird_habitat" CHAR(512);
success!
success!
timestamp: 2023-04-20T12:22:03.305237
ALTER TABLE "bird" ADD "user_email" CHAR(512);
success!
success!
success!
success!
success!
success!
success!
success!
success!
success!
success!
success!
success!
timestamp: 2023-04-20T12:44:54.062945
ALTER TABLE "bird" ADD "bird_id" INTEGER;
success!
success!
success!
success!
success!
success!
success!
success!
success!
success!
success!
success!
success!
success!
success!
success!
success!
success!
success!
success!
success!
success!
success!
success!
success!
success!
success!
success!
success!
success!
success!
success!
success!
success!
success!
success!
success!
success!
success!
success!
success!
success!
success!
success!
success!
success!
success!
success!
success!
success!
success!
success!
success!
success!
success!
success!
success!
success!
success!
success!
success!
success!
success!
success!
timestamp: 2023-05-07T22:10:44.811719
CREATE TABLE "url_mappings"(
    "id" INTEGER PRIMARY KEY AUTOINCREMENT,
    "long_url" TEXT,
    "short_id" TEXT,
    "click_count" INTEGER,
    "user_id" INTEGER REFERENCES "auth_user" ("id") ON DELETE CASCADE ON UPDATE CASCADE  ,
    "created_at" TIMESTAMP
);
success!
timestamp: 2023-05-07T22:12:28.945873
ALTER TABLE "url_mappings" ADD "user_email" TEXT;
success!
timestamp: 2023-05-07T22:21:22.385330
ALTER TABLE "url_mappings" ADD "url_name" TEXT;
success!
success!
success!
success!
success!
success!
success!
success!
success!
success!
success!
success!
success!
success!
success!
success!
success!
timestamp: 2023-06-05T21:16:38.904533
CREATE TABLE "shared_urls"(
    "id" INTEGER PRIMARY KEY AUTOINCREMENT,
    "url_mapping_id" INTEGER REFERENCES "url_mappings" ("id") ON DELETE CASCADE ON UPDATE CASCADE  ,
    "shared_with" TEXT,
    "shared_by" INTEGER REFERENCES "auth_user" ("id") ON DELETE CASCADE ON UPDATE CASCADE  ,
    "shared_at" TIMESTAMP
);
success!
success!
success!
success!
success!
success!
success!
success!
success!
success!
success!
success!
success!
success!
success!
success!
success!
success!
success!
success!
success!
success!
success!
success!
success!
success!
success!
success!
success!
success!
success!
success!
success!
